WARNING [WinError 10061] No connection could be made because the target machine actively refused it ConnectionRefusedError
WARNING [WinError 10061] No connection could be made because the target machine actively refused it ConnectionRefusedError
localhost:25 - WARNING: [WinError 10061] No connection could be made because the target machine actively refused it [ConnectionRefusedError]
localhost:25 - WARNING: [WinError 10061] No connection could be made because the target machine actively refused it [ConnectionRefusedError]
localhost:25 - WARNING: [WinError 10061] No connection could be made because the target machine actively refused it [ConnectionRefusedError]
Cleanded: -7118848b Free Space After 18Gb
WARNING <urlopen error [WinError 10061] No connection could be made because the target machine actively refused it>
EXCEPTION <class 'TypeError'> utility.py 236
Cleanded: 480Kb Free Space After 18Gb
WARNING <urlopen error [WinError 10061] No connection could be made because the target machine actively refused it>
EXCEPTION <class 'TypeError'> utility.py 236
Cleanded: 5Mb Free Space After 18Gb
WARNING <urlopen error [WinError 10061] No connection could be made because the target machine actively refused it>
EXCEPTION <class 'TypeError'> utility.py 236
Cleanded: 420Kb Free Space After 18Gb
WARNING <urlopen error [WinError 10061] No connection could be made because the target machine actively refused it>
EXCEPTION <class 'TypeError'> utility.py 236
Cleanded: 1Mb Free Space After 18Gb
WARNING <urlopen error [WinError 10061] No connection could be made because the target machine actively refused it>
EXCEPTION <class 'TypeError'> utility.py 236
Cleanded: 0b Free Space After 18Gb
WARNING <urlopen error [WinError 10061] No connection could be made because the target machine actively refused it>
EXCEPTION <class 'TypeError'> utility.py 236
Cleanded: 0b Free Space After 18Gb
WARNING <urlopen error [WinError 10061] No connection could be made because the target machine actively refused it>
EXCEPTION <class 'TypeError'> utility.py 236
Cleanded: 0b Free Space After 18Gb
WARNING <urlopen error [WinError 10061] No connection could be made because the target machine actively refused it>
EXCEPTION <class 'TypeError'> utility.py 236
Cleanded: 204Kb Free Space After 18Gb
WARNING <urlopen error [WinError 10061] No connection could be made because the target machine actively refused it>
EXCEPTION <class 'TypeError'> utility.py 236
Cleanded: 0b Free Space After 18Gb
WARNING <urlopen error [WinError 10061] No connection could be made because the target machine actively refused it>
Cleanded: 40Kb Free Space After 18Gb
WARNING <urlopen error [WinError 10061] No connection could be made because the target machine actively refused it>
WARNING <urlopen error [WinError 10061] No connection could be made because the target machine actively refused it>
Cleanded: 8Kb Free Space After 18Gb
WARNING <urlopen error [WinError 10061] No connection could be made because the target machine actively refused it>
WARNING <urlopen error [WinError 10061] No connection could be made because the target machine actively refused it>
localhost:25 - WARNING: [WinError 10061] No connection could be made because the target machine actively refused it [ConnectionRefusedError]
Cleanded: 0b Free Space After 18Gb
WARNING <urlopen error [WinError 10061] No connection could be made because the target machine actively refused it>
WARNING <urlopen error [WinError 10061] No connection could be made because the target machine actively refused it>
localhost:25 - WARNING: [WinError 10061] No connection could be made because the target machine actively refused it [ConnectionRefusedError]
Cleanded: 0b Free Space After 18Gb
WARNING <urlopen error [WinError 10061] No connection could be made because the target machine actively refused it>
WARNING <urlopen error [WinError 10061] No connection could be made because the target machine actively refused it>
localhost:25 - WARNING: [WinError 10061] No connection could be made because the target machine actively refused it [ConnectionRefusedError]
